  InlineSample.cpp
  main.cpp
  正在生成代码...
main.obj : error LNK2019: 无法解析的外部符号 "public: void __thiscall InlineSample::setValue(float)" (?setValue@InlineSample@@QAEXM@Z)，该符号在函数 _main 中被引用
C:\Users\Douzi\Desktop\C-Smaples\Debug\Content2_inline.exe : fatal error LNK1120: 1 个无法解析的外部命令
